<?xml version="1.0" encoding="UTF-8"?>
<testsuite xmlns:xsi="http://www.w3.org/2001/XMLSchema-instance" xsi:noNamespaceSchemaLocation="https://maven.apache.org/surefire/maven-surefire-plugin/xsd/surefire-test-report-3.0.xsd" version="3.0" name="org.example.InitializingVariableRuleTest" time="0.042" tests="3" errors="3" skipped="0" failures="0">
  <properties>
    <property name="java.specification.version" value="14"/>
    <property name="sun.jnu.encoding" value="UTF-8"/>
    <property name="java.class.path" value="/home/zero/100 days of code/100 days of code git/oan_100_days_of_code_2/Day43,44,45,46/InitializingVariable/target/test-classes:/home/zero/100 days of code/100 days of code git/oan_100_days_of_code_2/Day43,44,45,46/InitializingVariable/target/classes:/home/zero/100 days of code/100 days of code git/oan_100_days_of_code_2/Day43,44,45,46/InitializingVariable/lib/org-aion-avm-api.jar:/home/zero/100 days of code/100 days of code git/oan_100_days_of_code_2/Day43,44,45,46/InitializingVariable/lib/org-aion-avm-userlib.jar:/home/zero/100 days of code/100 days of code git/oan_100_days_of_code_2/Day43,44,45,46/InitializingVariable/lib/org-aion-avm-tooling.jar:/home/zero/.m2/repository/junit/junit/4.11/junit-4.11.jar:/home/zero/.m2/repository/org/hamcrest/hamcrest-core/1.3/hamcrest-core-1.3.jar:/home/zero/.m2/repository/org/example/InitializingVariable/avm/1.0-SNAPSHOT/avm-1.0-SNAPSHOT.jar:"/>
    <property name="java.vm.vendor" value="Oracle Corporation"/>
    <property name="sun.arch.data.model" value="64"/>
    <property name="java.vendor.url" value="https://java.oracle.com/"/>
    <property name="os.name" value="Linux"/>
    <property name="java.vm.specification.version" value="14"/>
    <property name="sun.java.launcher" value="SUN_STANDARD"/>
    <property name="user.country" value="IN"/>
    <property name="sun.boot.library.path" value="/usr/lib/jvm/java-14-oracle/lib"/>
    <property name="sun.java.command" value="/home/zero/100 days of code/100 days of code git/oan_100_days_of_code_2/Day43,44,45,46/InitializingVariable/target/surefire/surefirebooter4544203773198005718.jar /home/zero/100 days of code/100 days of code git/oan_100_days_of_code_2/Day43,44,45,46/InitializingVariable/target/surefire 2020-12-02T12-30-48_413-jvmRun1 surefire2517351164382685820tmp surefire_0510479630749939894tmp"/>
    <property name="jdk.debug" value="release"/>
    <property name="surefire.test.class.path" value="/home/zero/100 days of code/100 days of code git/oan_100_days_of_code_2/Day43,44,45,46/InitializingVariable/target/test-classes:/home/zero/100 days of code/100 days of code git/oan_100_days_of_code_2/Day43,44,45,46/InitializingVariable/target/classes:/home/zero/100 days of code/100 days of code git/oan_100_days_of_code_2/Day43,44,45,46/InitializingVariable/lib/org-aion-avm-api.jar:/home/zero/100 days of code/100 days of code git/oan_100_days_of_code_2/Day43,44,45,46/InitializingVariable/lib/org-aion-avm-userlib.jar:/home/zero/100 days of code/100 days of code git/oan_100_days_of_code_2/Day43,44,45,46/InitializingVariable/lib/org-aion-avm-tooling.jar:/home/zero/.m2/repository/junit/junit/4.11/junit-4.11.jar:/home/zero/.m2/repository/org/hamcrest/hamcrest-core/1.3/hamcrest-core-1.3.jar:/home/zero/.m2/repository/org/example/InitializingVariable/avm/1.0-SNAPSHOT/avm-1.0-SNAPSHOT.jar:"/>
    <property name="sun.cpu.endian" value="little"/>
    <property name="user.home" value="/home/zero"/>
    <property name="user.language" value="en"/>
    <property name="java.specification.vendor" value="Oracle Corporation"/>
    <property name="java.version.date" value="2020-07-14"/>
    <property name="java.home" value="/usr/lib/jvm/java-14-oracle"/>
    <property name="file.separator" value="/"/>
    <property name="basedir" value="/home/zero/100 days of code/100 days of code git/oan_100_days_of_code_2/Day43,44,45,46/InitializingVariable"/>
    <property name="java.vm.compressedOopsMode" value="Zero based"/>
    <property name="line.separator" value="&#10;"/>
    <property name="java.vm.specification.vendor" value="Oracle Corporation"/>
    <property name="java.specification.name" value="Java Platform API Specification"/>
    <property name="surefire.real.class.path" value="/home/zero/100 days of code/100 days of code git/oan_100_days_of_code_2/Day43,44,45,46/InitializingVariable/target/surefire/surefirebooter4544203773198005718.jar"/>
    <property name="sun.management.compiler" value="HotSpot 64-Bit Tiered Compilers"/>
    <property name="java.runtime.version" value="14.0.2+12-46"/>
    <property name="user.name" value="zero"/>
    <property name="path.separator" value=":"/>
    <property name="os.version" value="5.4.0-56-generic"/>
    <property name="java.runtime.name" value="Java(TM) SE Runtime Environment"/>
    <property name="file.encoding" value="UTF-8"/>
    <property name="java.vm.name" value="Java HotSpot(TM) 64-Bit Server VM"/>
    <property name="localRepository" value="/home/zero/.m2/repository"/>
    <property name="java.vendor.url.bug" value="https://bugreport.java.com/bugreport/"/>
    <property name="java.io.tmpdir" value="/tmp"/>
    <property name="java.version" value="14.0.2"/>
    <property name="user.dir" value="/home/zero/100 days of code/100 days of code git/oan_100_days_of_code_2/Day43,44,45,46/InitializingVariable"/>
    <property name="os.arch" value="amd64"/>
    <property name="java.vm.specification.name" value="Java Virtual Machine Specification"/>
    <property name="java.library.path" value="/usr/java/packages/lib:/usr/lib64:/lib64:/lib:/usr/lib"/>
    <property name="java.vm.info" value="mixed mode, sharing"/>
    <property name="java.vendor" value="Oracle Corporation"/>
    <property name="java.vm.version" value="14.0.2+12-46"/>
    <property name="sun.io.unicode.encoding" value="UnicodeLittle"/>
    <property name="java.class.version" value="58.0"/>
  </properties>
  <testcase name="testSayHello" classname="org.example.InitializingVariableRuleTest" time="0.007">
    <error type="java.lang.NullPointerException">java.lang.NullPointerException
	at org.example.InitializingVariableRuleTest.testSayHello(InitializingVariableRuleTest.java:38)
</error>
    <system-out><![CDATA[Contract deployment failed with error Failed: exception thrown
]]></system-out>
    <system-err><![CDATA[DApp deployment failed due to uncaught EXCEPTION: "org.aion.avm.userlib.abi.ABIException: null"
i.UncaughtException: org.aion.avm.userlib.abi.ABIException: null
	at org.aion.avm.core.persistence.LoadedDApp.handleUncaughtException(LoadedDApp.java:325)
	at org.aion.avm.core.persistence.LoadedDApp.forceInitializeOneClass(LoadedDApp.java:301)
	at org.aion.avm.core.persistence.LoadedDApp.forceInitializeAllClasses(LoadedDApp.java:281)
	at org.aion.avm.core.DAppCreator.runClinitAndBillSender(DAppCreator.java:434)
	at org.aion.avm.core.DAppCreator.create(DAppCreator.java:272)
	at org.aion.avm.core.AvmImpl.commonInvoke(AvmImpl.java:484)
	at org.aion.avm.core.AvmImpl.runExternalInvoke(AvmImpl.java:419)
	at org.aion.avm.core.AvmImpl.backgroundProcessTransaction(AvmImpl.java:291)
	at org.aion.avm.core.AvmImpl.access$300(AvmImpl.java:31)
	at org.aion.avm.core.AvmImpl$AvmExecutorThread.run(AvmImpl.java:115)
Caused by: e.org.aion.avm.userlib.abi.ABIException
	at java.base/jdk.internal.reflect.NativeConstructorAccessorImpl.newInstance0(Native Method)
	at java.base/jdk.internal.reflect.NativeConstructorAccessorImpl.newInstance(NativeConstructorAccessorImpl.java:62)
	at java.base/jdk.internal.reflect.DelegatingConstructorAccessorImpl.newInstance(DelegatingConstructorAccessorImpl.java:45)
	at java.base/java.lang.reflect.Constructor.newInstanceWithCaller(Constructor.java:500)
	at java.base/java.lang.reflect.Constructor.newInstance(Constructor.java:481)
	at i.CommonInstrumentation.wrapAsThrowable(CommonInstrumentation.java:141)
	at H.wrapAsThrowable(Unknown Source)
	at org.aion.avm.userlib.abi.ABIDecoder.avm_checkNullEmptyData(Unknown Source)
	at org.aion.avm.userlib.abi.ABIDecoder.avm_decodeOneBoolean(Unknown Source)
	at org.example.InitializingVariable.<clinit>(Unknown Source)
	at java.base/java.lang.Class.forName0(Native Method)
	at java.base/java.lang.Class.forName(Class.java:427)
	at org.aion.avm.core.persistence.LoadedDApp.forceInitializeOneClass(LoadedDApp.java:287)
	... 8 more
]]></system-err>
  </testcase>
  <testcase name="testSetString" classname="org.example.InitializingVariableRuleTest" time="0.018">
    <error type="java.lang.NullPointerException">java.lang.NullPointerException
	at org.example.InitializingVariableRuleTest.testSetString(InitializingVariableRuleTest.java:51)
</error>
  </testcase>
  <testcase name="testGetString" classname="org.example.InitializingVariableRuleTest" time="0.002">
    <error type="java.lang.NullPointerException">java.lang.NullPointerException
	at org.example.InitializingVariableRuleTest.testGetString(InitializingVariableRuleTest.java:64)
</error>
  </testcase>
</testsuite>